<?xml version="1.0" encoding="UTF-8"?>
<testsuite name="org.hyperskill.photoeditor.Stage5UnitTestB" tests="11" skipped="6" failures="0" errors="0" timestamp="2024-03-12T11:03:25" hostname="A-FVFFW06QQ05N" time="3.42">
  <properties/>
  <testcase name="test01_checkSliderSaturation" classname="org.hyperskill.photoeditor.Stage5UnitTestB" time="0.0">
    <skipped/>
  </testcase>
  <testcase name="test02_checkSliderGamma" classname="org.hyperskill.photoeditor.Stage5UnitTestB" time="0.0">
    <skipped/>
  </testcase>
  <testcase name="test03_checkSliderSaturationNotCrashingByDefault" classname="org.hyperskill.photoeditor.Stage5UnitTestB" time="0.0">
    <skipped/>
  </testcase>
  <testcase name="test04_checkSliderGammaNotCrashingByDefault" classname="org.hyperskill.photoeditor.Stage5UnitTestB" time="0.0">
    <skipped/>
  </testcase>
  <testcase name="test05_checkSaturationOnlyWithHints" classname="org.hyperskill.photoeditor.Stage5UnitTestB" time="0.0">
    <skipped/>
  </testcase>
  <testcase name="test06_checkSaturationOnlyWithoutHints" classname="org.hyperskill.photoeditor.Stage5UnitTestB" time="0.681"/>
  <testcase name="test07_checkGammaOnlyWithHints" classname="org.hyperskill.photoeditor.Stage5UnitTestB" time="0.0">
    <skipped/>
  </testcase>
  <testcase name="test08_checkGammaOnlyWithoutHints" classname="org.hyperskill.photoeditor.Stage5UnitTestB" time="0.663"/>
  <testcase name="test09_checkFiltersAppliedInOrder" classname="org.hyperskill.photoeditor.Stage5UnitTestB" time="0.673"/>
  <testcase name="test10_checkFiltersAppliedInReverseOrder" classname="org.hyperskill.photoeditor.Stage5UnitTestB" time="0.736"/>
  <testcase name="test11_checkFiltersAppliedInReverseOrderWiderSample" classname="org.hyperskill.photoeditor.Stage5UnitTestB" time="0.666"/>
  <system-out><![CDATA[]]></system-out>
  <system-err><![CDATA[]]></system-err>
</testsuite>
