<?xml version="1.0" encoding="UTF-8"?>
<testsuite name="org.hyperskill.photoeditor.Stage3UnitTest" tests="4" skipped="0" failures="0" errors="0" timestamp="2024-03-12T11:03:22" hostname="A-FVFFW06QQ05N" time="1.271">
  <properties/>
  <testcase name="test01_checkButtonSave" classname="org.hyperskill.photoeditor.Stage3UnitTest" time="0.064"/>
  <testcase name="test02_checkPermissionWasAsked" classname="org.hyperskill.photoeditor.Stage3UnitTest" time="0.076"/>
  <testcase name="test03_checkBitmapIsSaved" classname="org.hyperskill.photoeditor.Stage3UnitTest" time="1.062"/>
  <testcase name="test04_checkBitmapIsSavedAfterPermissionIsGranted" classname="org.hyperskill.photoeditor.Stage3UnitTest" time="0.069"/>
  <system-out><![CDATA[Called loadFromPath(/system/framework/framework-res.apk, true); mode=binary sdk=29
resources.arsc in APK '/Users/stephane.mba/.m2/repository/org/robolectric/android-all-instrumented/10-robolectric-5803371-i3/android-all-instrumented-10-robolectric-5803371-i3.jar' is compressed.
]]></system-out>
  <system-err><![CDATA[]]></system-err>
</testsuite>
